[11-Mar-2021 13:54:49 UTC] PHP Parse error:  syntax error, unexpected ':', expecting '{' in /home/freyl7189ine/public_html/web.ctdemo.in/spos_latest/vendor/symfony/polyfill-php80/bootstrap.php on line 23
[11-Mar-2021 13:54:52 UTC] PHP Parse error:  syntax error, unexpected ':', expecting '{' in /home/freyl7189ine/public_html/web.ctdemo.in/spos_latest/vendor/symfony/polyfill-php80/bootstrap.php on line 23
[11-Mar-2021 13:54:53 UTC] PHP Parse error:  syntax error, unexpected ':', expecting '{' in /home/freyl7189ine/public_html/web.ctdemo.in/spos_latest/vendor/symfony/polyfill-php80/bootstrap.php on line 23
[11-Mar-2021 13:54:53 UTC] PHP Parse error:  syntax error, unexpected ':', expecting '{' in /home/freyl7189ine/public_html/web.ctdemo.in/spos_latest/vendor/symfony/polyfill-php80/bootstrap.php on line 23
[22-Mar-2021 12:56:24 Asia/Kolkata] PHP Fatal error:  Cannot use Illuminate\Http\Request as Request because the name is already in use in /home/freyl7189ine/public_html/web.ctdemo.in/spos_latest/app/Http/Controllers/Auth/LoginController.php on line 8
[24-Mar-2021 11:22:45 UTC] PHP Fatal error:  Uncaught RuntimeException: A facade root has not been set. in /home/freyl7189ine/public_html/web.ctdemo.in/spos_latest/vendor/laravel/framework/src/Illuminate/Support/Facades/Facade.php:236
Stack trace:
#0 /home/freyl7189ine/public_html/web.ctdemo.in/spos_latest/vendor/laravel/framework/src/Illuminate/Foundation/Exceptions/Handler.php(407): Illuminate\Support\Facades\Facade::__callStatic('replaceNamespac...', Array)
#1 /home/freyl7189ine/public_html/web.ctdemo.in/spos_latest/vendor/laravel/framework/src/Illuminate/Foundation/Exceptions/Handler.php(384): Illuminate\Foundation\Exceptions\Handler->registerErrorViewPaths()
#2 /home/freyl7189ine/public_html/web.ctdemo.in/spos_latest/vendor/laravel/framework/src/Illuminate/Foundation/Exceptions/Handler.php(295): Illuminate\Foundation\Exceptions\Handler->renderHttpException(Object(Symfony\Component\HttpKernel\Exception\HttpException))
#3 /home/freyl7189ine/public_html/web.ctdemo.in/spos_latest/vendor/laravel/framework/src/Illuminate/Foundation/Exceptions/Handler.php in /home/freyl7189ine/public_html/web.ctdemo.in/spos_latest/vendor/laravel/framework/src/Illuminate/Support/Facades/Facade.php on line 236
[24-Mar-2021 11:31:10 UTC] PHP Fatal error:  Uncaught RuntimeException: A facade root has not been set. in /home/freyl7189ine/public_html/web.ctdemo.in/spos_latest/vendor/laravel/framework/src/Illuminate/Support/Facades/Facade.php:236
Stack trace:
#0 /home/freyl7189ine/public_html/web.ctdemo.in/spos_latest/vendor/laravel/framework/src/Illuminate/Foundation/Exceptions/Handler.php(407): Illuminate\Support\Facades\Facade::__callStatic('replaceNamespac...', Array)
#1 /home/freyl7189ine/public_html/web.ctdemo.in/spos_latest/vendor/laravel/framework/src/Illuminate/Foundation/Exceptions/Handler.php(384): Illuminate\Foundation\Exceptions\Handler->registerErrorViewPaths()
#2 /home/freyl7189ine/public_html/web.ctdemo.in/spos_latest/vendor/laravel/framework/src/Illuminate/Foundation/Exceptions/Handler.php(295): Illuminate\Foundation\Exceptions\Handler->renderHttpException(Object(Symfony\Component\HttpKernel\Exception\HttpException))
#3 /home/freyl7189ine/public_html/web.ctdemo.in/spos_latest/vendor/laravel/framework/src/Illuminate/Foundation/Exceptions/Handler.php in /home/freyl7189ine/public_html/web.ctdemo.in/spos_latest/vendor/laravel/framework/src/Illuminate/Support/Facades/Facade.php on line 236
[24-Mar-2021 11:31:17 UTC] PHP Fatal error:  Uncaught RuntimeException: A facade root has not been set. in /home/freyl7189ine/public_html/web.ctdemo.in/spos_latest/vendor/laravel/framework/src/Illuminate/Support/Facades/Facade.php:236
Stack trace:
#0 /home/freyl7189ine/public_html/web.ctdemo.in/spos_latest/vendor/laravel/framework/src/Illuminate/Foundation/Exceptions/Handler.php(407): Illuminate\Support\Facades\Facade::__callStatic('replaceNamespac...', Array)
#1 /home/freyl7189ine/public_html/web.ctdemo.in/spos_latest/vendor/laravel/framework/src/Illuminate/Foundation/Exceptions/Handler.php(384): Illuminate\Foundation\Exceptions\Handler->registerErrorViewPaths()
#2 /home/freyl7189ine/public_html/web.ctdemo.in/spos_latest/vendor/laravel/framework/src/Illuminate/Foundation/Exceptions/Handler.php(295): Illuminate\Foundation\Exceptions\Handler->renderHttpException(Object(Symfony\Component\HttpKernel\Exception\HttpException))
#3 /home/freyl7189ine/public_html/web.ctdemo.in/spos_latest/vendor/laravel/framework/src/Illuminate/Foundation/Exceptions/Handler.php in /home/freyl7189ine/public_html/web.ctdemo.in/spos_latest/vendor/laravel/framework/src/Illuminate/Support/Facades/Facade.php on line 236
[24-Mar-2021 11:31:22 UTC] PHP Fatal error:  Uncaught RuntimeException: A facade root has not been set. in /home/freyl7189ine/public_html/web.ctdemo.in/spos_latest/vendor/laravel/framework/src/Illuminate/Support/Facades/Facade.php:236
Stack trace:
#0 /home/freyl7189ine/public_html/web.ctdemo.in/spos_latest/vendor/laravel/framework/src/Illuminate/Foundation/Exceptions/Handler.php(407): Illuminate\Support\Facades\Facade::__callStatic('replaceNamespac...', Array)
#1 /home/freyl7189ine/public_html/web.ctdemo.in/spos_latest/vendor/laravel/framework/src/Illuminate/Foundation/Exceptions/Handler.php(384): Illuminate\Foundation\Exceptions\Handler->registerErrorViewPaths()
#2 /home/freyl7189ine/public_html/web.ctdemo.in/spos_latest/vendor/laravel/framework/src/Illuminate/Foundation/Exceptions/Handler.php(295): Illuminate\Foundation\Exceptions\Handler->renderHttpException(Object(Symfony\Component\HttpKernel\Exception\HttpException))
#3 /home/freyl7189ine/public_html/web.ctdemo.in/spos_latest/vendor/laravel/framework/src/Illuminate/Foundation/Exceptions/Handler.php in /home/freyl7189ine/public_html/web.ctdemo.in/spos_latest/vendor/laravel/framework/src/Illuminate/Support/Facades/Facade.php on line 236
[24-Mar-2021 11:32:02 UTC] PHP Fatal error:  Uncaught RuntimeException: A facade root has not been set. in /home/freyl7189ine/public_html/web.ctdemo.in/spos_latest/vendor/laravel/framework/src/Illuminate/Support/Facades/Facade.php:236
Stack trace:
#0 /home/freyl7189ine/public_html/web.ctdemo.in/spos_latest/vendor/laravel/framework/src/Illuminate/Foundation/Exceptions/Handler.php(407): Illuminate\Support\Facades\Facade::__callStatic('replaceNamespac...', Array)
#1 /home/freyl7189ine/public_html/web.ctdemo.in/spos_latest/vendor/laravel/framework/src/Illuminate/Foundation/Exceptions/Handler.php(384): Illuminate\Foundation\Exceptions\Handler->registerErrorViewPaths()
#2 /home/freyl7189ine/public_html/web.ctdemo.in/spos_latest/vendor/laravel/framework/src/Illuminate/Foundation/Exceptions/Handler.php(295): Illuminate\Foundation\Exceptions\Handler->renderHttpException(Object(Symfony\Component\HttpKernel\Exception\HttpException))
#3 /home/freyl7189ine/public_html/web.ctdemo.in/spos_latest/vendor/laravel/framework/src/Illuminate/Foundation/Exceptions/Handler.php in /home/freyl7189ine/public_html/web.ctdemo.in/spos_latest/vendor/laravel/framework/src/Illuminate/Support/Facades/Facade.php on line 236
[24-Mar-2021 11:32:02 UTC] PHP Fatal error:  Uncaught RuntimeException: A facade root has not been set. in /home/freyl7189ine/public_html/web.ctdemo.in/spos_latest/vendor/laravel/framework/src/Illuminate/Support/Facades/Facade.php:236
Stack trace:
#0 /home/freyl7189ine/public_html/web.ctdemo.in/spos_latest/vendor/laravel/framework/src/Illuminate/Foundation/Exceptions/Handler.php(407): Illuminate\Support\Facades\Facade::__callStatic('replaceNamespac...', Array)
#1 /home/freyl7189ine/public_html/web.ctdemo.in/spos_latest/vendor/laravel/framework/src/Illuminate/Foundation/Exceptions/Handler.php(384): Illuminate\Foundation\Exceptions\Handler->registerErrorViewPaths()
#2 /home/freyl7189ine/public_html/web.ctdemo.in/spos_latest/vendor/laravel/framework/src/Illuminate/Foundation/Exceptions/Handler.php(295): Illuminate\Foundation\Exceptions\Handler->renderHttpException(Object(Symfony\Component\HttpKernel\Exception\HttpException))
#3 /home/freyl7189ine/public_html/web.ctdemo.in/spos_latest/vendor/laravel/framework/src/Illuminate/Foundation/Exceptions/Handler.php in /home/freyl7189ine/public_html/web.ctdemo.in/spos_latest/vendor/laravel/framework/src/Illuminate/Support/Facades/Facade.php on line 236
[24-Mar-2021 11:32:02 UTC] PHP Fatal error:  Uncaught RuntimeException: A facade root has not been set. in /home/freyl7189ine/public_html/web.ctdemo.in/spos_latest/vendor/laravel/framework/src/Illuminate/Support/Facades/Facade.php:236
Stack trace:
#0 /home/freyl7189ine/public_html/web.ctdemo.in/spos_latest/vendor/laravel/framework/src/Illuminate/Foundation/Exceptions/Handler.php(407): Illuminate\Support\Facades\Facade::__callStatic('replaceNamespac...', Array)
#1 /home/freyl7189ine/public_html/web.ctdemo.in/spos_latest/vendor/laravel/framework/src/Illuminate/Foundation/Exceptions/Handler.php(384): Illuminate\Foundation\Exceptions\Handler->registerErrorViewPaths()
#2 /home/freyl7189ine/public_html/web.ctdemo.in/spos_latest/vendor/laravel/framework/src/Illuminate/Foundation/Exceptions/Handler.php(295): Illuminate\Foundation\Exceptions\Handler->renderHttpException(Object(Symfony\Component\HttpKernel\Exception\HttpException))
#3 /home/freyl7189ine/public_html/web.ctdemo.in/spos_latest/vendor/laravel/framework/src/Illuminate/Foundation/Exceptions/Handler.php in /home/freyl7189ine/public_html/web.ctdemo.in/spos_latest/vendor/laravel/framework/src/Illuminate/Support/Facades/Facade.php on line 236
[24-Mar-2021 11:32:02 UTC] PHP Fatal error:  Uncaught RuntimeException: A facade root has not been set. in /home/freyl7189ine/public_html/web.ctdemo.in/spos_latest/vendor/laravel/framework/src/Illuminate/Support/Facades/Facade.php:236
Stack trace:
#0 /home/freyl7189ine/public_html/web.ctdemo.in/spos_latest/vendor/laravel/framework/src/Illuminate/Foundation/Exceptions/Handler.php(407): Illuminate\Support\Facades\Facade::__callStatic('replaceNamespac...', Array)
#1 /home/freyl7189ine/public_html/web.ctdemo.in/spos_latest/vendor/laravel/framework/src/Illuminate/Foundation/Exceptions/Handler.php(384): Illuminate\Foundation\Exceptions\Handler->registerErrorViewPaths()
#2 /home/freyl7189ine/public_html/web.ctdemo.in/spos_latest/vendor/laravel/framework/src/Illuminate/Foundation/Exceptions/Handler.php(295): Illuminate\Foundation\Exceptions\Handler->renderHttpException(Object(Symfony\Component\HttpKernel\Exception\HttpException))
#3 /home/freyl7189ine/public_html/web.ctdemo.in/spos_latest/vendor/laravel/framework/src/Illuminate/Foundation/Exceptions/Handler.php in /home/freyl7189ine/public_html/web.ctdemo.in/spos_latest/vendor/laravel/framework/src/Illuminate/Support/Facades/Facade.php on line 236
[24-Mar-2021 11:32:08 UTC] PHP Fatal error:  Uncaught RuntimeException: A facade root has not been set. in /home/freyl7189ine/public_html/web.ctdemo.in/spos_latest/vendor/laravel/framework/src/Illuminate/Support/Facades/Facade.php:236
Stack trace:
#0 /home/freyl7189ine/public_html/web.ctdemo.in/spos_latest/vendor/laravel/framework/src/Illuminate/Foundation/Exceptions/Handler.php(407): Illuminate\Support\Facades\Facade::__callStatic('replaceNamespac...', Array)
#1 /home/freyl7189ine/public_html/web.ctdemo.in/spos_latest/vendor/laravel/framework/src/Illuminate/Foundation/Exceptions/Handler.php(384): Illuminate\Foundation\Exceptions\Handler->registerErrorViewPaths()
#2 /home/freyl7189ine/public_html/web.ctdemo.in/spos_latest/vendor/laravel/framework/src/Illuminate/Foundation/Exceptions/Handler.php(295): Illuminate\Foundation\Exceptions\Handler->renderHttpException(Object(Symfony\Component\HttpKernel\Exception\HttpException))
#3 /home/freyl7189ine/public_html/web.ctdemo.in/spos_latest/vendor/laravel/framework/src/Illuminate/Foundation/Exceptions/Handler.php in /home/freyl7189ine/public_html/web.ctdemo.in/spos_latest/vendor/laravel/framework/src/Illuminate/Support/Facades/Facade.php on line 236
[24-Mar-2021 11:38:45 UTC] PHP Fatal error:  Uncaught RuntimeException: A facade root has not been set. in /home/freyl7189ine/public_html/web.ctdemo.in/spos_latest/vendor/laravel/framework/src/Illuminate/Support/Facades/Facade.php:236
Stack trace:
#0 /home/freyl7189ine/public_html/web.ctdemo.in/spos_latest/vendor/laravel/framework/src/Illuminate/Foundation/Exceptions/Handler.php(407): Illuminate\Support\Facades\Facade::__callStatic('replaceNamespac...', Array)
#1 /home/freyl7189ine/public_html/web.ctdemo.in/spos_latest/vendor/laravel/framework/src/Illuminate/Foundation/Exceptions/Handler.php(384): Illuminate\Foundation\Exceptions\Handler->registerErrorViewPaths()
#2 /home/freyl7189ine/public_html/web.ctdemo.in/spos_latest/vendor/laravel/framework/src/Illuminate/Foundation/Exceptions/Handler.php(295): Illuminate\Foundation\Exceptions\Handler->renderHttpException(Object(Symfony\Component\HttpKernel\Exception\HttpException))
#3 /home/freyl7189ine/public_html/web.ctdemo.in/spos_latest/vendor/laravel/framework/src/Illuminate/Foundation/Exceptions/Handler.php in /home/freyl7189ine/public_html/web.ctdemo.in/spos_latest/vendor/laravel/framework/src/Illuminate/Support/Facades/Facade.php on line 236
[25-Mar-2021 04:23:30 UTC] PHP Fatal error:  Uncaught RuntimeException: A facade root has not been set. in /home/freyl7189ine/public_html/web.ctdemo.in/spos_latest/vendor/laravel/framework/src/Illuminate/Support/Facades/Facade.php:236
Stack trace:
#0 /home/freyl7189ine/public_html/web.ctdemo.in/spos_latest/vendor/laravel/framework/src/Illuminate/Foundation/Exceptions/Handler.php(407): Illuminate\Support\Facades\Facade::__callStatic('replaceNamespac...', Array)
#1 /home/freyl7189ine/public_html/web.ctdemo.in/spos_latest/vendor/laravel/framework/src/Illuminate/Foundation/Exceptions/Handler.php(384): Illuminate\Foundation\Exceptions\Handler->registerErrorViewPaths()
#2 /home/freyl7189ine/public_html/web.ctdemo.in/spos_latest/vendor/laravel/framework/src/Illuminate/Foundation/Exceptions/Handler.php(295): Illuminate\Foundation\Exceptions\Handler->renderHttpException(Object(Symfony\Component\HttpKernel\Exception\HttpException))
#3 /home/freyl7189ine/public_html/web.ctdemo.in/spos_latest/vendor/laravel/framework/src/Illuminate/Foundation/Exceptions/Handler.php in /home/freyl7189ine/public_html/web.ctdemo.in/spos_latest/vendor/laravel/framework/src/Illuminate/Support/Facades/Facade.php on line 236
[30-Mar-2021 11:43:47 Asia/Kolkata] PHP Fatal error:  Cannot declare class App\Http\Controllers\Admin, because the name is already in use in /home/freyl7189ine/public_html/web.ctdemo.in/spos_latest/app/Http/Middleware/Admin.php on line 10
[16-Apr-2021 17:18:06 Asia/Kolkata] PHP Fatal error:  Can't use method return value in write context in /home/freyl7189ine/public_html/web.ctdemo.in/spos_latest/app/Http/Controllers/HomeController.php on line 490
[21-Jan-2022 14:35:33 Asia/Kolkata] PHP Fatal error:  Allowed memory size of 134217728 bytes exhausted (tried to allocate 130027520 bytes) in /home/freyl7189ine/public_html/web.ctdemo.in/spos/app/Http/Controllers/HomeController.php on line 569
[21-Jan-2022 14:35:36 Asia/Kolkata] PHP Fatal error:  Allowed memory size of 134217728 bytes exhausted (tried to allocate 130027520 bytes) in /home/freyl7189ine/public_html/web.ctdemo.in/spos/app/Http/Controllers/HomeController.php on line 569
